<?xml version="1.0" encoding="UTF-8"?>
<robot generated="20181102 10:27:58.609" generator="Robot 3.0.4 (Python 2.7.15 on linux2)">
<suite source="/opt/robotframework/tests" id="s1" name="Tests">
<suite source="/opt/robotframework/tests/test" id="s1-s1" name="Test">
<suite source="/opt/robotframework/tests/test/HelloWorld.robot" id="s1-s1-s1" name="HelloWorld">
<test id="s1-s1-s1-t1" name="HelloWorld">
<kw name="Log To Console" library="BuiltIn">
<doc>Logs the given message to the console.</doc>
<arguments>
<arg>Hello World</arg>
</arguments>
<status status="PASS" endtime="20181102 10:27:58.630" starttime="20181102 10:27:58.630"></status>
</kw>
<tags>
<tag>playground</tag>
</tags>
<status status="PASS" endtime="20181102 10:27:58.630" critical="no" starttime="20181102 10:27:58.629"></status>
</test>
<status status="PASS" endtime="20181102 10:27:58.631" starttime="20181102 10:27:58.628"></status>
</suite>
<suite source="/opt/robotframework/tests/test/TestDebugSetup.robot" id="s1-s1-s2" name="TestDebugSetup">
<test id="s1-s1-s2-t1" name="Test Debug Setup Index">
<kw name="Open Browser" library="SeleniumLibrary">
<doc>Opens a new browser instance to the given ``url``.</doc>
<arguments>
<arg>http://${SERVICE_NAME1}:${SERVICE_PORT1}</arg>
<arg>Chrome</arg>
</arguments>
<msg timestamp="20181102 10:27:58.701" level="INFO">Opening browser 'Chrome' to base url 'http://development-overview:3000'.</msg>
<status status="PASS" endtime="20181102 10:28:00.889" starttime="20181102 10:27:58.700"></status>
</kw>
<kw name="Wait Until Page Contains" library="SeleniumLibrary">
<doc>Waits until ``text`` appears on current page.</doc>
<arguments>
<arg>Dev Swagger UI</arg>
</arguments>
<status status="PASS" endtime="20181102 10:28:00.909" starttime="20181102 10:28:00.890"></status>
</kw>
<kw name="Wait Until Page Contains" library="SeleniumLibrary">
<doc>Waits until ``text`` appears on current page.</doc>
<arguments>
<arg>Ufp Swagger Proxy</arg>
</arguments>
<status status="PASS" endtime="20181102 10:28:00.920" starttime="20181102 10:28:00.909"></status>
</kw>
<kw name="Wait Until Page Contains" library="SeleniumLibrary">
<doc>Waits until ``text`` appears on current page.</doc>
<arguments>
<arg>Wiremock Petstore</arg>
</arguments>
<status status="PASS" endtime="20181102 10:28:00.932" starttime="20181102 10:28:00.921"></status>
</kw>
<kw name="Wait Until Page Contains" library="SeleniumLibrary">
<doc>Waits until ``text`` appears on current page.</doc>
<arguments>
<arg>Swagger Petstore</arg>
</arguments>
<status status="PASS" endtime="20181102 10:28:00.943" starttime="20181102 10:28:00.932"></status>
</kw>
<kw name="Wait Until Page Contains" library="SeleniumLibrary">
<doc>Waits until ``text`` appears on current page.</doc>
<arguments>
<arg>Test Report</arg>
</arguments>
<status status="PASS" endtime="20181102 10:28:00.955" starttime="20181102 10:28:00.944"></status>
</kw>
<kw name="Capture Page Screenshot" library="SeleniumLibrary">
<doc>Takes screenshot of the current page and embeds it into log file.</doc>
<arguments>
<arg>ScreenshotDebugEntryPoint.png</arg>
</arguments>
<msg timestamp="20181102 10:28:01.140" html="yes" level="INFO">&lt;/td&gt;&lt;/tr&gt;&lt;tr&gt;&lt;td colspan="3"&gt;&lt;a href="ScreenshotDebugEntryPoint.png"&gt;&lt;img src="ScreenshotDebugEntryPoint.png" width="800px"&gt;&lt;/a&gt;</msg>
<status status="PASS" endtime="20181102 10:28:01.141" starttime="20181102 10:28:00.955"></status>
</kw>
<doc>testing develop index page</doc>
<tags>
<tag>debug</tag>
<tag>non-critical</tag>
</tags>
<status status="PASS" endtime="20181102 10:28:01.141" critical="no" starttime="20181102 10:27:58.700"></status>
</test>
<doc>This test assumes that the infra and debug stack is running.Since this is a SIDT template we believe the debug setup ist part of the provided value hence testing the debug frontend is part of the job</doc>
<status status="PASS" endtime="20181102 10:28:01.144" starttime="20181102 10:27:58.631"></status>
</suite>
<suite source="/opt/robotframework/tests/test/TestInfraSetup.robot" id="s1-s1-s3" name="TestInfraSetup">
<test id="s1-s1-s3-t1" name="Test Wiremock Petstrore">
<kw name="Open Browser" library="SeleniumLibrary">
<doc>Opens a new browser instance to the given ``url``.</doc>
<arguments>
<arg>http://${SERVICE_NAME1}:${SERVICE_PORT1}/__admin</arg>
<arg>Chrome</arg>
</arguments>
<msg timestamp="20181102 10:28:01.160" level="INFO">Opening browser 'Chrome' to base url 'http://wiremock-petstore:8080/__admin'.</msg>
<status status="PASS" endtime="20181102 10:28:06.241" starttime="20181102 10:28:01.159"></status>
</kw>
<kw name="Wait Until Page Contains" library="SeleniumLibrary">
<doc>Waits until ``text`` appears on current page.</doc>
<arguments>
<arg>mappings</arg>
</arguments>
<status status="PASS" endtime="20181102 10:28:06.258" starttime="20181102 10:28:06.242"></status>
</kw>
<kw name="Capture Page Screenshot" library="SeleniumLibrary">
<doc>Takes screenshot of the current page and embeds it into log file.</doc>
<arguments>
<arg>ScreenshotInfraWiremock.png</arg>
</arguments>
<msg timestamp="20181102 10:28:06.677" html="yes" level="INFO">&lt;/td&gt;&lt;/tr&gt;&lt;tr&gt;&lt;td colspan="3"&gt;&lt;a href="ScreenshotInfraWiremock.png"&gt;&lt;img src="ScreenshotInfraWiremock.png" width="800px"&gt;&lt;/a&gt;</msg>
<status status="PASS" endtime="20181102 10:28:06.677" starttime="20181102 10:28:06.259"></status>
</kw>
<doc>testing develop index page</doc>
<tags>
<tag>debug</tag>
<tag>non-critical</tag>
</tags>
<status status="PASS" endtime="20181102 10:28:06.678" critical="no" starttime="20181102 10:28:01.157"></status>
</test>
<test id="s1-s1-s3-t2" name="Test Swagger Petstrore">
<kw name="Open Browser" library="SeleniumLibrary">
<doc>Opens a new browser instance to the given ``url``.</doc>
<arguments>
<arg>http://${SERVICE_NAME2}:${SERVICE_PORT2}</arg>
<arg>Chrome</arg>
</arguments>
<msg timestamp="20181102 10:28:06.682" level="INFO">Opening browser 'Chrome' to base url 'http://swagger-petstore:8080'.</msg>
<status status="PASS" endtime="20181102 10:28:10.242" starttime="20181102 10:28:06.681"></status>
</kw>
<kw name="Wait Until Page Contains" library="SeleniumLibrary">
<doc>Waits until ``text`` appears on current page.</doc>
<arguments>
<arg>swagger</arg>
</arguments>
<status status="PASS" endtime="20181102 10:28:10.263" starttime="20181102 10:28:10.242"></status>
</kw>
<kw name="Capture Page Screenshot" library="SeleniumLibrary">
<doc>Takes screenshot of the current page and embeds it into log file.</doc>
<arguments>
<arg>ScreenshotInfraPetstore.png</arg>
</arguments>
<msg timestamp="20181102 10:28:11.044" html="yes" level="INFO">&lt;/td&gt;&lt;/tr&gt;&lt;tr&gt;&lt;td colspan="3"&gt;&lt;a href="ScreenshotInfraPetstore.png"&gt;&lt;img src="ScreenshotInfraPetstore.png" width="800px"&gt;&lt;/a&gt;</msg>
<status status="PASS" endtime="20181102 10:28:11.044" starttime="20181102 10:28:10.263"></status>
</kw>
<doc>testing develop index page</doc>
<tags>
<tag>debug</tag>
<tag>non-critical</tag>
</tags>
<status status="PASS" endtime="20181102 10:28:11.044" critical="no" starttime="20181102 10:28:06.679"></status>
</test>
<doc>This test assumes that the infra and debug stack is running.Since this is a SIDT template we believe the debug setup ist part of the provided value hence testing the debug frontend is part of the job</doc>
<status status="PASS" endtime="20181102 10:28:11.046" starttime="20181102 10:28:01.149"></status>
</suite>
<suite source="/opt/robotframework/tests/test/TestService.robot" id="s1-s1-s4" name="TestService">
<test id="s1-s1-s4-t1" name="Test Ufp Swagger Proxy">
<kw name="Open Browser" library="SeleniumLibrary">
<doc>Opens a new browser instance to the given ``url``.</doc>
<arguments>
<arg>http://${SERVICE_NAME1}:${SERVICE_PORT1}</arg>
<arg>Chrome</arg>
</arguments>
<msg timestamp="20181102 10:28:11.055" level="INFO">Opening browser 'Chrome' to base url 'http://ufp-swagger-proxy:8080'.</msg>
<status status="PASS" endtime="20181102 10:28:13.326" starttime="20181102 10:28:11.054"></status>
</kw>
<kw name="Wait Until Page Contains" library="SeleniumLibrary">
<doc>Waits until ``text`` appears on current page.</doc>
<arguments>
<arg>ufp-swagger</arg>
</arguments>
<kw name="Capture Page Screenshot" library="SeleniumLibrary">
<doc>Takes screenshot of the current page and embeds it into log file.</doc>
<msg timestamp="20181102 10:28:18.703" html="yes" level="INFO">&lt;/td&gt;&lt;/tr&gt;&lt;tr&gt;&lt;td colspan="3"&gt;&lt;a href="selenium-screenshot-1.png"&gt;&lt;img src="selenium-screenshot-1.png" width="800px"&gt;&lt;/a&gt;</msg>
<status status="PASS" endtime="20181102 10:28:18.703" starttime="20181102 10:28:18.367"></status>
</kw>
<msg timestamp="20181102 10:28:18.704" level="FAIL">Text 'ufp-swagger' did not appear in 5 seconds.</msg>
<status status="FAIL" endtime="20181102 10:28:18.704" starttime="20181102 10:28:13.327"></status>
</kw>
<doc>testing develop index page</doc>
<tags>
<tag>debug</tag>
<tag>non-critical</tag>
</tags>
<status status="FAIL" endtime="20181102 10:28:18.704" critical="no" starttime="20181102 10:28:11.053">Text 'ufp-swagger' did not appear in 5 seconds.</status>
</test>
<test id="s1-s1-s4-t2" name="Test Ufp Swagger Proxy Performs">
<kw name="Open Browser" library="SeleniumLibrary">
<doc>Opens a new browser instance to the given ``url``.</doc>
<arguments>
<arg>http://${SERVICE_NAME1}:${SERVICE_PORT1}</arg>
<arg>Chrome</arg>
</arguments>
<msg timestamp="20181102 10:28:18.706" level="INFO">Opening browser 'Chrome' to base url 'http://ufp-swagger-proxy:8080'.</msg>
<status status="PASS" endtime="20181102 10:28:21.153" starttime="20181102 10:28:18.705"></status>
</kw>
<kw name="Wait Until Page Contains" library="SeleniumLibrary">
<doc>Waits until ``text`` appears on current page.</doc>
<arguments>
<arg>ufp-swagger</arg>
</arguments>
<kw name="Capture Page Screenshot" library="SeleniumLibrary">
<doc>Takes screenshot of the current page and embeds it into log file.</doc>
<msg timestamp="20181102 11:28:26.219" level="FAIL">TimeoutException: Message: timeout: Timed out receiving message from renderer: 600.000
  (Session info: headless chrome=68.0.3440.75)
  (Driver info: chromedriver=2.38 (f91d32489882be7df38da3422a19713bfd113fa5),platform=Linux 4.4.0-131-generic x86_64)
</msg>
<status status="FAIL" endtime="20181102 11:28:26.220" starttime="20181102 10:28:26.190"></status>
</kw>
<msg timestamp="20181102 11:28:26.220" level="WARN">Keyword 'Capture Page Screenshot' could not be run on failure: TimeoutException: Message: timeout: Timed out receiving message from renderer: 600.000
  (Session info: headless chrome=68.0.3440.75)
  (Driver info: chromedriver=2.38 (f91d32489882be7df38da3422a19713bfd113fa5),platform=Linux 4.4.0-131-generic x86_64)
</msg>
<msg timestamp="20181102 11:28:26.221" level="FAIL">Text 'ufp-swagger' did not appear in 5 seconds.</msg>
<status status="FAIL" endtime="20181102 11:28:26.221" starttime="20181102 10:28:21.153"></status>
</kw>
<doc>testing develop index page</doc>
<tags>
<tag>debug</tag>
<tag>non-critical</tag>
</tags>
<status status="FAIL" endtime="20181102 11:28:26.222" critical="no" starttime="20181102 10:28:18.705">Text 'ufp-swagger' did not appear in 5 seconds.</status>
</test>
<doc>This test assumes that the infra and debug stack is running.Since this is a SIDT template we believe the debug setup ist part of the provided value hence testing the debug frontend is part of the job</doc>
<status status="PASS" endtime="20181102 11:28:26.224" starttime="20181102 10:28:11.049"></status>
</suite>
<status status="PASS" endtime="20181102 11:28:26.230" starttime="20181102 10:27:58.626"></status>
</suite>
<status status="PASS" endtime="20181102 11:28:26.236" starttime="20181102 10:27:58.610"></status>
</suite>
<statistics>
<total>
<stat fail="0" pass="0">Critical Tests</stat>
<stat fail="2" pass="4">All Tests</stat>
</total>
<tag>
<stat info="critical" fail="0" pass="0">critical</stat>
<stat info="non-critical" fail="0" pass="0">noncritical</stat>
<stat fail="2" pass="3">debug</stat>
<stat fail="2" pass="3">non-critical</stat>
<stat fail="0" pass="1">playground</stat>
</tag>
<suite>
<stat fail="2" id="s1" name="Tests" pass="4">Tests</stat>
<stat fail="2" id="s1-s1" name="Test" pass="4">Tests.Test</stat>
<stat fail="0" id="s1-s1-s1" name="HelloWorld" pass="1">Tests.Test.HelloWorld</stat>
<stat fail="0" id="s1-s1-s2" name="TestDebugSetup" pass="1">Tests.Test.TestDebugSetup</stat>
<stat fail="0" id="s1-s1-s3" name="TestInfraSetup" pass="2">Tests.Test.TestInfraSetup</stat>
<stat fail="2" id="s1-s1-s4" name="TestService" pass="0">Tests.Test.TestService</stat>
</suite>
</statistics>
<errors>
<msg timestamp="20181102 11:28:26.220" level="WARN">Keyword 'Capture Page Screenshot' could not be run on failure: TimeoutException: Message: timeout: Timed out receiving message from renderer: 600.000
  (Session info: headless chrome=68.0.3440.75)
  (Driver info: chromedriver=2.38 (f91d32489882be7df38da3422a19713bfd113fa5),platform=Linux 4.4.0-131-generic x86_64)
</msg>
</errors>
</robot>
